0 info it worked if it ends with ok
1 verbose cli [ '/home/ubuntu/.nvm/versions/node/v6.11.2/bin/node',
1 verbose cli   '/home/ubuntu/.nvm/versions/node/v6.11.2/bin/npm',
1 verbose cli   'install' ]
2 info using npm@3.10.10
3 info using node@v6.11.2
4 silly loadCurrentTree Starting
5 silly install loadCurrentTree
6 silly install readLocalPackageData
7 silly install normalizeTree
8 silly loadCurrentTree Finishing
9 silly loadIdealTree Starting
10 silly install loadIdealTree
11 silly cloneCurrentTree Starting
12 silly install cloneCurrentTreeToIdealTree
13 silly cloneCurrentTree Finishing
14 silly loadShrinkwrap Starting
15 silly install loadShrinkwrap
16 silly loadShrinkwrap Finishing
17 silly loadAllDepsIntoIdealTree Starting
18 silly install loadAllDepsIntoIdealTree
19 silly loadAllDepsIntoIdealTree Finishing
20 silly loadIdealTree Finishing
21 silly currentTree @1dv022/jekyll-boilerplate@1.0.0
22 silly idealTree @1dv022/jekyll-boilerplate@1.0.0
23 silly generateActionsToTake Starting
24 silly install generateActionsToTake
25 silly generateActionsToTake Finishing
26 silly diffTrees action count 0
27 silly decomposeActions action count 0
28 silly runTopLevelLifecycles Starting
29 silly install runPreinstallTopLevelLifecycles
30 silly preinstall @1dv022/jekyll-boilerplate@1.0.0 /home/ubuntu/workspace/fa222nx-examination-1/@1dv022/jekyll-boilerplate-6f3f0600
31 info lifecycle @1dv022/jekyll-boilerplate@1.0.0~preinstall: @1dv022/jekyll-boilerplate@1.0.0
32 silly lifecycle @1dv022/jekyll-boilerplate@1.0.0~preinstall: no script for preinstall, continuing
33 silly executeActions Starting
34 silly install executeActions
35 silly doSerial global-install 0
36 silly doParallel fetch 0
37 verbose correctMkdir /home/ubuntu/.npm/_locks correctMkdir not in flight; initializing
38 verbose makeDirectory /home/ubuntu/.npm/_locks creation not in flight; initializing
39 silly makeDirectory /home/ubuntu/.npm/_locks uid: 1000 gid: 1000
40 verbose lock using /home/ubuntu/.npm/_locks/staging-d53a756e6c68a5cf.lock for /home/ubuntu/workspace/fa222nx-examination-1/node_modules/.staging
41 silly doParallel extract 0
42 silly doParallel preinstall 0
43 silly doReverseSerial remove 0
44 silly doSerial move 0
45 silly doSerial finalize 0
46 silly doSerial build 0
47 silly doSerial global-link 0
48 silly doParallel update-linked 0
49 silly doSerial install 0
50 silly doSerial postinstall 0
51 verbose unlock done using /home/ubuntu/.npm/_locks/staging-d53a756e6c68a5cf.lock for /home/ubuntu/workspace/fa222nx-examination-1/node_modules/.staging
52 silly executeActions Finishing
53 silly rollbackFailedOptional Starting
54 silly rollbackFailedOptional Finishing
55 silly install runPostinstallTopLevelLifecycles
56 silly build @1dv022/jekyll-boilerplate@1.0.0
57 info linkStuff @1dv022/jekyll-boilerplate@1.0.0
58 silly linkStuff @1dv022/jekyll-boilerplate@1.0.0 has /home/ubuntu as its parent node_modules
59 verbose linkBins @1dv022/jekyll-boilerplate@1.0.0
60 verbose linkMans @1dv022/jekyll-boilerplate@1.0.0
61 silly install @1dv022/jekyll-boilerplate@1.0.0 /home/ubuntu/workspace/fa222nx-examination-1/@1dv022/jekyll-boilerplate-6f3f0600
62 info lifecycle @1dv022/jekyll-boilerplate@1.0.0~install: @1dv022/jekyll-boilerplate@1.0.0
63 silly lifecycle @1dv022/jekyll-boilerplate@1.0.0~install: no script for install, continuing
64 silly postinstall @1dv022/jekyll-boilerplate@1.0.0 /home/ubuntu/workspace/fa222nx-examination-1/@1dv022/jekyll-boilerplate-6f3f0600
65 info lifecycle @1dv022/jekyll-boilerplate@1.0.0~postinstall: @1dv022/jekyll-boilerplate@1.0.0
66 verbose lifecycle @1dv022/jekyll-boilerplate@1.0.0~postinstall: unsafe-perm in lifecycle true
67 verbose lifecycle @1dv022/jekyll-boilerplate@1.0.0~postinstall: PATH: /home/ubuntu/.nvm/versions/node/v6.11.2/lib/node_modules/npm/bin/node-gyp-bin:/home/ubuntu/workspace/fa222nx-examination-1/node_modules/.bin:/home/ubuntu/.nvm/versions/node/v6.11.2/bin:/usr/local/rvm/gems/ruby-2.3.4/bin:/usr/local/rvm/gems/ruby-2.3.4@global/bin:/usr/local/rvm/rubies/ruby-2.3.4/bin:/mnt/shared/bin:/home/ubuntu/workspace/node_modules/.bin:/home/ubuntu/bin:/usr/local/sbin:/usr/local/bin:/usr/sbin:/usr/bin:/sbin:/bin:/mnt/shared/sbin:/opt/gitl:/opt/go/bin:/mnt/shared/c9/app.nw/bin:/usr/local/rvm/bin
68 verbose lifecycle @1dv022/jekyll-boilerplate@1.0.0~postinstall: CWD: /home/ubuntu/workspace/fa222nx-examination-1
69 silly lifecycle @1dv022/jekyll-boilerplate@1.0.0~postinstall: Args: [ '-c', 'docker-compose run site jekyll new .' ]
70 info lifecycle @1dv022/jekyll-boilerplate@1.0.0~postinstall: Failed to exec postinstall script
71 verbose stack Error: @1dv022/jekyll-boilerplate@1.0.0 postinstall: `docker-compose run site jekyll new .`
71 verbose stack spawn ENOENT
71 verbose stack     at ChildProcess.<anonymous> (/home/ubuntu/.nvm/versions/node/v6.11.2/lib/node_modules/npm/lib/utils/spawn.js:33:16)
71 verbose stack     at emitTwo (events.js:106:13)
71 verbose stack     at ChildProcess.emit (events.js:191:7)
71 verbose stack     at maybeClose (internal/child_process.js:891:16)
71 verbose stack     at Process.ChildProcess._handle.onexit (internal/child_process.js:226:5)
72 verbose pkgid @1dv022/jekyll-boilerplate@1.0.0
73 verbose cwd /home/ubuntu/workspace/fa222nx-examination-1
74 error Linux 4.9.17-c9
75 error argv "/home/ubuntu/.nvm/versions/node/v6.11.2/bin/node" "/home/ubuntu/.nvm/versions/node/v6.11.2/bin/npm" "install"
76 error node v6.11.2
77 error npm  v3.10.10
78 error file sh
79 error code ELIFECYCLE
80 error errno ENOENT
81 error syscall spawn
82 error @1dv022/jekyll-boilerplate@1.0.0 postinstall: `docker-compose run site jekyll new .`
82 error spawn ENOENT
83 error Failed at the @1dv022/jekyll-boilerplate@1.0.0 postinstall script 'docker-compose run site jekyll new .'.
83 error Make sure you have the latest version of node.js and npm installed.
83 error If you do, this is most likely a problem with the @1dv022/jekyll-boilerplate package,
83 error not with npm itself.
83 error Tell the author that this fails on your system:
83 error     docker-compose run site jekyll new .
83 error You can get information on how to open an issue for this project with:
83 error     npm bugs @1dv022/jekyll-boilerplate
83 error Or if that isn't available, you can get their info via:
83 error     npm owner ls @1dv022/jekyll-boilerplate
83 error There is likely additional logging output above.
84 verbose exit [ 1, true ]
